

[INFO ] 2019-05-31 15:18:34,495 method:org.springframework.web.servlet.FrameworkServlet.initServletBean(FrameworkServlet.java:489)
FrameworkServlet 'xy-search-web': initialization started


[INFO ] 2019-05-31 15:18:34,513 method:org.springframework.context.support.AbstractApplicationContext.prepareRefresh(AbstractApplicationContext.java:583)
Refreshing WebApplicationContext for namespace 'xy-search-web-servlet': startup date [Fri May 31 15:18:34 CST 2019]; root of context hierarchy


[INFO ] 2019-05-31 15:18:34,543 method:org.springframework.beans.factory.xml.XmlBeanDefinitionReader.loadBeanDefinitions(XmlBeanDefinitionReader.java:317)
Loading XML bean definitions from class path resource [spring/spring-mvc.xml]


[INFO ] 2019-05-31 15:18:34,856 method:
using logger: com.alibaba.dubbo.common.logger.log4j.Log4jLoggerAdapter


[INFO ] 2019-05-31 15:18:34,968 method:org.springframework.beans.factory.annotation.AutowiredAnnotationBeanPostProcessor.<init>(AutowiredAnnotationBeanPostProcessor.java:155)
JSR-330 'javax.inject.Inject' annotation found and supported for autowiring


[INFO ] 2019-05-31 15:18:35,267 method:com.alibaba.dubbo.registry.support.AbstractRegistry.loadProperties(AbstractRegistry.java:232)
 [DUBBO] Load registry store file C:\Users\JasonCode\.dubbo\dubbo-registry-localhost.cache, data: {com.njupt.xymall.content.service.ContentCategoryService=empty://172.31.99.193/com.njupt.xymall.content.service.ContentCategoryService?application=xy-manager-web&category=configurators&dubbo=2.5.3&interface=com.njupt.xymall.content.service.ContentCategoryService&methods=getContentCatList&pid=11648&revision=1.0-SNAPSHOT&side=consumer&timestamp=1559267328146 empty://172.31.99.193/com.njupt.xymall.content.service.ContentCategoryService?application=xy-manager-web&category=routers&dubbo=2.5.3&interface=com.njupt.xymall.content.service.ContentCategoryService&methods=getContentCatList&pid=11648&revision=1.0-SNAPSHOT&side=consumer&timestamp=1559267328146 dubbo://172.31.99.193:20881/com.njupt.xymall.content.service.ContentCategoryService?anyhost=true&application=xy-manager&dubbo=2.5.3&interface=com.njupt.xymall.content.service.ContentCategoryService&methods=getContentCatList&pid=23388&side=provider&timeout=600000&timestamp=1559267065219, com.njupt.xymall.search.service.SearchItemService=empty://172.31.99.193:20882/com.njupt.xymall.search.service.SearchItemService?anyhost=true&application=xy-search&category=configurators&check=false&dubbo=2.5.3&interface=com.njupt.xymall.search.service.SearchItemService&methods=importAllItems&pid=22608&side=provider&timeout=600000&timestamp=1559286757326, com.njupt.xymall.search.service.SearchService=empty://172.31.99.193:20882/com.njupt.xymall.search.service.SearchService?anyhost=true&application=xy-search&category=configurators&check=false&dubbo=2.5.3&interface=com.njupt.xymall.search.service.SearchService&methods=search&pid=22608&side=provider&timeout=600000&timestamp=1559286757760, com.njupt.xymall.service.ItemService=empty://172.31.99.193/com.njupt.xymall.service.ItemService?application=xy-manager-web&category=configurators&dubbo=2.5.3&interface=com.njupt.xymall.service.ItemService&methods=addItem,getItemList,getItemById&pid=11648&revision=1.0-SNAPSHOT&side=consumer&timestamp=1559267328658 empty://172.31.99.193/com.njupt.xymall.service.ItemService?application=xy-manager-web&category=routers&dubbo=2.5.3&interface=com.njupt.xymall.service.ItemService&methods=addItem,getItemList,getItemById&pid=11648&revision=1.0-SNAPSHOT&side=consumer&timestamp=1559267328658 dubbo://172.31.99.193:20880/com.njupt.xymall.service.ItemService?anyhost=true&application=xy-manager&dubbo=2.5.3&interface=com.njupt.xymall.service.ItemService&methods=addItem,getItemList,getItemById&pid=20132&side=provider&timeout=600000&timestamp=1559267082314}, dubbo version: 2.5.3, current host: 127.0.0.1


[INFO ] 2019-05-31 15:18:35,279 method:org.I0Itec.zkclient.ZkEventThread.run(ZkEventThread.java:64)
Starting ZkClient event thread.


[INFO ] 2019-05-31 15:18:35,294 method:org.apache.zookeeper.Environment.logEnv(Environment.java:100)
Client environment:zookeeper.version=3.4.7-1713338, built on 11/09/2015 04:32 GMT


[INFO ] 2019-05-31 15:18:35,295 method:org.apache.zookeeper.Environment.logEnv(Environment.java:100)
Client environment:host.name=DESKTOP-47CK06Q.mshome.net


[INFO ] 2019-05-31 15:18:35,295 method:org.apache.zookeeper.Environment.logEnv(Environment.java:100)
Client environment:java.version=1.8.0_121


[INFO ] 2019-05-31 15:18:35,295 method:org.apache.zookeeper.Environment.logEnv(Environment.java:100)
Client environment:java.vendor=Oracle Corporation


[INFO ] 2019-05-31 15:18:35,296 method:org.apache.zookeeper.Environment.logEnv(Environment.java:100)
Client environment:java.home=C:\Program Files\Java\jdk1.8.0_121\jre


[INFO ] 2019-05-31 15:18:35,296 method:org.apache.zookeeper.Environment.logEnv(Environment.java:100)
Client environment:java.class.path=Z:\apache-maven-3.5.3\boot\plexus-classworlds-2.5.2.jar;C:\Program Files\JetBrains\IntelliJ IDEA 2018.2.5\lib\idea_rt.jar


[INFO ] 2019-05-31 15:18:35,296 method:org.apache.zookeeper.Environment.logEnv(Environment.java:100)
Client environment:java.library.path=C:\Program Files\Java\jdk1.8.0_121\bin;C:\WINDOWS\Sun\Java\bin;C:\WINDOWS\system32;C:\WINDOWS;C:\Program Files\Docker\Docker\Resources\bin;C:\Program Files\Microsoft MPI\Bin\;C:\Program Files (x86)\NVIDIA Corporation\PhysX\Common;C:\WINDOWS\system32;C:\WINDOWS;C:\WINDOWS\System32\Wbem;C:\WINDOWS\System32\WindowsPowerShell\v1.0\;G:\Program Tools\CTEX\UserData\miktex\bin;G:\Program Tools\CTEX\MiKTeX\miktex\bin;G:\Program Tools\CTEX\CTeX\ctex\bin;G:\Program Tools\CTEX\CTeX\cct\bin;G:\Program Tools\CTEX\CTeX\ty\bin;G:\Program Tools\CTEX\Ghostscript\gs9.05\bin;G:\Program Tools\CTEX\GSview\gsview;G:\Program Tools\CTEX\WinEdt;H:\apache-tomcat-8.0.43\bin;G:\soft;C:\Program Files\IDM Computer Solutions\UltraCompare;I:\MATLAB\MATLAB\R2017a\runtime\win64;I:\MATLAB\MATLAB\R2017a\bin;C:\Program Files\MySQL\MySQL Utilities 1.6\;Z:\apache-maven-3.5.3\bin;I:\Object Detection;C:\Program Files\dotnet\;C:\Program Files\Microsoft SQL Server\130\Tools\Binn\;Z:\Anaconda2\Scripts;I:\curl\I386;C:\WINDOWS\System32\OpenSSH\;%GIT-HOME%\cmd;Z:\Git\bin;C:\msys64\usr\bin;C:\Program Files (x86)\Windows Kits\10\Windows Performance Toolkit\;Z:\Jenkins\cmake-3.12.3-win64-x64\bin;C:\Program Files\MySQL\MySQL Server 5.7\bin;C:\Program Files\Java\jdk1.8.0_121\bin;C:\Users\JasonCode\AppData\Local\Microsoft\WindowsApps;Z:\python;D:\erl10.2\bin;C:\Program Files\Java\jdk1.8.0_121\bin;;.


[INFO ] 2019-05-31 15:18:35,297 method:org.apache.zookeeper.Environment.logEnv(Environment.java:100)
Client environment:java.io.tmpdir=C:\Users\JASONC~1\AppData\Local\Temp\


[INFO ] 2019-05-31 15:18:35,297 method:org.apache.zookeeper.Environment.logEnv(Environment.java:100)
Client environment:java.compiler=<NA>


[INFO ] 2019-05-31 15:18:35,298 method:org.apache.zookeeper.Environment.logEnv(Environment.java:100)
Client environment:os.name=Windows 10


[INFO ] 2019-05-31 15:18:35,298 method:org.apache.zookeeper.Environment.logEnv(Environment.java:100)
Client environment:os.arch=amd64


[INFO ] 2019-05-31 15:18:35,299 method:org.apache.zookeeper.Environment.logEnv(Environment.java:100)
Client environment:os.version=10.0


[INFO ] 2019-05-31 15:18:35,299 method:org.apache.zookeeper.Environment.logEnv(Environment.java:100)
Client environment:user.name=JasonCode


[INFO ] 2019-05-31 15:18:35,299 method:org.apache.zookeeper.Environment.logEnv(Environment.java:100)
Client environment:user.home=C:\Users\JasonCode


[INFO ] 2019-05-31 15:18:35,299 method:org.apache.zookeeper.Environment.logEnv(Environment.java:100)
Client environment:user.dir=Z:\xymall\xy-search-web


[INFO ] 2019-05-31 15:18:35,300 method:org.apache.zookeeper.ZooKeeper.<init>(ZooKeeper.java:438)
Initiating client connection, connectString=localhost:2181 sessionTimeout=30000 watcher=org.I0Itec.zkclient.ZkClient@46b00a47


[INFO ] 2019-05-31 15:18:35,329 method:org.apache.zookeeper.ClientCnxn$SendThread.logStartConnect(ClientCnxn.java:1032)
Opening socket connection to server 0:0:0:0:0:0:0:1/0:0:0:0:0:0:0:1:2181. Will not attempt to authenticate using SASL (unknown error)


[INFO ] 2019-05-31 15:18:35,331 method:org.apache.zookeeper.ClientCnxn$SendThread.primeConnection(ClientCnxn.java:876)
Socket connection established to 0:0:0:0:0:0:0:1/0:0:0:0:0:0:0:1:2181, initiating session


[INFO ] 2019-05-31 15:18:35,354 method:org.apache.zookeeper.ClientCnxn$SendThread.onConnected(ClientCnxn.java:1299)
Session establishment complete on server 0:0:0:0:0:0:0:1/0:0:0:0:0:0:0:1:2181, sessionid = 0x100005583e70016, negotiated timeout = 30000


[INFO ] 2019-05-31 15:18:35,355 method:org.I0Itec.zkclient.ZkClient.processStateChanged(ZkClient.java:449)
zookeeper state changed (SyncConnected)


[INFO ] 2019-05-31 15:18:35,376 method:com.alibaba.dubbo.registry.support.AbstractRegistry.register(AbstractRegistry.java:302)
 [DUBBO] Register: consumer://172.31.99.193/com.njupt.xymall.search.service.SearchService?application=xy-search-web&category=consumers&check=false&dubbo=2.5.3&interface=com.njupt.xymall.search.service.SearchService&methods=search&pid=23316&revision=1.0-SNAPSHOT&side=consumer&timestamp=1559287115202, dubbo version: 2.5.3, current host: 172.31.99.193


[INFO ] 2019-05-31 15:18:35,426 method:com.alibaba.dubbo.registry.support.AbstractRegistry.subscribe(AbstractRegistry.java:325)
 [DUBBO] Subscribe: consumer://172.31.99.193/com.njupt.xymall.search.service.SearchService?application=xy-search-web&category=providers,configurators,routers&dubbo=2.5.3&interface=com.njupt.xymall.search.service.SearchService&methods=search&pid=23316&revision=1.0-SNAPSHOT&side=consumer&timestamp=1559287115202, dubbo version: 2.5.3, current host: 172.31.99.193


[INFO ] 2019-05-31 15:18:35,536 method:com.alibaba.dubbo.registry.support.AbstractRegistry.notify(AbstractRegistry.java:422)
 [DUBBO] Notify urls for subscribe url consumer://172.31.99.193/com.njupt.xymall.search.service.SearchService?application=xy-search-web&category=providers,configurators,routers&dubbo=2.5.3&interface=com.njupt.xymall.search.service.SearchService&methods=search&pid=23316&revision=1.0-SNAPSHOT&side=consumer&timestamp=1559287115202, urls: [dubbo://172.31.99.193:20882/com.njupt.xymall.search.service.SearchService?anyhost=true&application=xy-search&dubbo=2.5.3&interface=com.njupt.xymall.search.service.SearchService&methods=search&pid=22608&side=provider&timeout=600000&timestamp=1559286757760, empty://172.31.99.193/com.njupt.xymall.search.service.SearchService?application=xy-search-web&category=configurators&dubbo=2.5.3&interface=com.njupt.xymall.search.service.SearchService&methods=search&pid=23316&revision=1.0-SNAPSHOT&side=consumer&timestamp=1559287115202, empty://172.31.99.193/com.njupt.xymall.search.service.SearchService?application=xy-search-web&category=routers&dubbo=2.5.3&interface=com.njupt.xymall.search.service.SearchService&methods=search&pid=23316&revision=1.0-SNAPSHOT&side=consumer&timestamp=1559287115202], dubbo version: 2.5.3, current host: 172.31.99.193


[INFO ] 2019-05-31 15:18:35,687 method:com.alibaba.dubbo.remoting.transport.AbstractClient.connect(AbstractClient.java:287)
 [DUBBO] Successed connect to server /172.31.99.193:20882 from NettyClient 172.31.99.193 using dubbo version 2.5.3, channel is NettyChannel [channel=[id: 0xc9acab21, /172.31.99.193:12783 => /172.31.99.193:20882]], dubbo version: 2.5.3, current host: 172.31.99.193


[INFO ] 2019-05-31 15:18:35,688 method:com.alibaba.dubbo.remoting.transport.AbstractClient.<init>(AbstractClient.java:105)
 [DUBBO] Start NettyClient DESKTOP-47CK06Q/172.31.99.193 connect to the server /172.31.99.193:20882, dubbo version: 2.5.3, current host: 172.31.99.193


[INFO ] 2019-05-31 15:18:35,739 method:com.alibaba.dubbo.config.ReferenceConfig.createProxy(ReferenceConfig.java:423)
 [DUBBO] Refer dubbo service com.njupt.xymall.search.service.SearchService from url zookeeper://localhost:2181/com.alibaba.dubbo.registry.RegistryService?anyhost=true&application=xy-search-web&check=false&dubbo=2.5.3&interface=com.njupt.xymall.search.service.SearchService&methods=search&pid=23316&revision=1.0-SNAPSHOT&side=consumer&timeout=600000&timestamp=1559287115202, dubbo version: 2.5.3, current host: 172.31.99.193


[INFO ] 2019-05-31 15:18:35,916 method:org.springframework.web.servlet.handler.AbstractHandlerMethodMapping$MappingRegistry.register(AbstractHandlerMethodMapping.java:543)
Mapped "{[/search]}" onto public java.lang.String com.njupt.xymall.search.controller.SearchController.searchItemList(java.lang.String,java.lang.Integer,org.springframework.ui.Model) throws java.lang.Exception


[WARN ] 2019-05-31 15:18:36,039 method:org.springframework.context.support.AbstractApplicationContext.refresh(AbstractApplicationContext.java:551)
Exception encountered during context initialization - cancelling refresh attempt: org.springframework.beans.factory.BeanCreationException: Error creating bean with name 'org.springframework.web.servlet.mvc.method.annotation.RequestMappingHandlerAdapter': Instantiation of bean failed; nested exception is org.springframework.beans.BeanInstantiationException: Failed to instantiate [org.springframework.web.servlet.mvc.method.annotation.RequestMappingHandlerAdapter]: Constructor threw exception; nested exception is java.lang.NoClassDefFoundError: com/fasterxml/jackson/core/util/DefaultIndenter


[INFO ] 2019-05-31 15:18:36,039 method:com.alibaba.dubbo.registry.support.AbstractRegistry.unsubscribe(AbstractRegistry.java:343)
 [DUBBO] Unsubscribe: consumer://172.31.99.193/com.njupt.xymall.search.service.SearchService?application=xy-search-web&category=providers,configurators,routers&dubbo=2.5.3&interface=com.njupt.xymall.search.service.SearchService&methods=search&pid=23316&revision=1.0-SNAPSHOT&side=consumer&timestamp=1559287115202, dubbo version: 2.5.3, current host: 172.31.99.193


[INFO ] 2019-05-31 15:18:36,040 method:com.alibaba.dubbo.remoting.transport.netty.NettyChannel.close(NettyChannel.java:135)
 [DUBBO] Close netty channel [id: 0xc9acab21, /172.31.99.193:12783 => /172.31.99.193:20882], dubbo version: 2.5.3, current host: 172.31.99.193


[INFO ] 2019-05-31 15:18:36,042 method:com.alibaba.dubbo.rpc.protocol.dubbo.DubboProtocol$1.disconnected(DubboProtocol.java:130)
 [DUBBO] disconected from /172.31.99.193:20882,url:dubbo://172.31.99.193:20882/com.njupt.xymall.search.service.SearchService?anyhost=true&application=xy-search-web&check=false&codec=dubbo&dubbo=2.5.3&heartbeat=60000&interface=com.njupt.xymall.search.service.SearchService&methods=search&pid=23316&revision=1.0-SNAPSHOT&side=consumer&timeout=600000&timestamp=1559287115202, dubbo version: 2.5.3, current host: 172.31.99.193


[ERROR] 2019-05-31 15:18:36,047 method:org.springframework.web.servlet.FrameworkServlet.initServletBean(FrameworkServlet.java:502)
Context initialization failed
org.springframework.beans.factory.BeanCreationException: Error creating bean with name 'org.springframework.web.servlet.mvc.method.annotation.RequestMappingHandlerAdapter': Instantiation of bean failed; nested exception is org.springframework.beans.BeanInstantiationException: Failed to instantiate [org.springframework.web.servlet.mvc.method.annotation.RequestMappingHandlerAdapter]: Constructor threw exception; nested exception is java.lang.NoClassDefFoundError: com/fasterxml/jackson/core/util/DefaultIndenter
	at org.springframework.beans.factory.support.AbstractAutowireCapableBeanFactory.instantiateBean(AbstractAutowireCapableBeanFactory.java:1155)
	at org.springframework.beans.factory.support.AbstractAutowireCapableBeanFactory.createBeanInstance(AbstractAutowireCapableBeanFactory.java:1099)
	at org.springframework.beans.factory.support.AbstractAutowireCapableBeanFactory.doCreateBean(AbstractAutowireCapableBeanFactory.java:513)
	at org.springframework.beans.factory.support.AbstractAutowireCapableBeanFactory.createBean(AbstractAutowireCapableBeanFactory.java:483)
	at org.springframework.beans.factory.support.AbstractBeanFactory$1.getObject(AbstractBeanFactory.java:306)
	at org.springframework.beans.factory.support.DefaultSingletonBeanRegistry.getSingleton(DefaultSingletonBeanRegistry.java:230)
	at org.springframework.beans.factory.support.AbstractBeanFactory.doGetBean(AbstractBeanFactory.java:302)
	at org.springframework.beans.factory.support.AbstractBeanFactory.getBean(AbstractBeanFactory.java:197)
	at org.springframework.beans.factory.support.DefaultListableBeanFactory.preInstantiateSingletons(DefaultListableBeanFactory.java:761)
	at org.springframework.context.support.AbstractApplicationContext.finishBeanFactoryInitialization(AbstractApplicationContext.java:867)
	at org.springframework.context.support.AbstractApplicationContext.refresh(AbstractApplicationContext.java:543)
	at org.springframework.web.servlet.FrameworkServlet.configureAndRefreshWebApplicationContext(FrameworkServlet.java:668)
	at org.springframework.web.servlet.FrameworkServlet.createWebApplicationContext(FrameworkServlet.java:634)
	at org.springframework.web.servlet.FrameworkServlet.createWebApplicationContext(FrameworkServlet.java:682)
	at org.springframework.web.servlet.FrameworkServlet.initWebApplicationContext(FrameworkServlet.java:553)
	at org.springframework.web.servlet.FrameworkServlet.initServletBean(FrameworkServlet.java:494)
	at org.springframework.web.servlet.HttpServletBean.init(HttpServletBean.java:171)
	at javax.servlet.GenericServlet.init(GenericServlet.java:160)
	at org.apache.catalina.core.StandardWrapper.initServlet(StandardWrapper.java:1280)
	at org.apache.catalina.core.StandardWrapper.loadServlet(StandardWrapper.java:1193)
	at org.apache.catalina.core.StandardWrapper.load(StandardWrapper.java:1088)
	at org.apache.catalina.core.StandardContext.loadOnStartup(StandardContext.java:5176)
	at org.apache.catalina.core.StandardContext.startInternal(StandardContext.java:5460)
	at org.apache.catalina.util.LifecycleBase.start(LifecycleBase.java:150)
	at org.apache.catalina.core.ContainerBase$StartChild.call(ContainerBase.java:1559)
	at org.apache.catalina.core.ContainerBase$StartChild.call(ContainerBase.java:1549)
	at java.util.concurrent.FutureTask.run(FutureTask.java:266)
	at java.util.concurrent.ThreadPoolExecutor.runWorker(ThreadPoolExecutor.java:1142)
	at java.util.concurrent.ThreadPoolExecutor$Worker.run(ThreadPoolExecutor.java:617)
	at java.lang.Thread.run(Thread.java:745)
Caused by: org.springframework.beans.BeanInstantiationException: Failed to instantiate [org.springframework.web.servlet.mvc.method.annotation.RequestMappingHandlerAdapter]: Constructor threw exception; nested exception is java.lang.NoClassDefFoundError: com/fasterxml/jackson/core/util/DefaultIndenter
	at org.springframework.beans.BeanUtils.instantiateClass(BeanUtils.java:154)
	at org.springframework.beans.factory.support.SimpleInstantiationStrategy.instantiate(SimpleInstantiationStrategy.java:89)
	at org.springframework.beans.factory.support.AbstractAutowireCapableBeanFactory.instantiateBean(AbstractAutowireCapableBeanFactory.java:1147)
	... 29 more
Caused by: java.lang.NoClassDefFoundError: com/fasterxml/jackson/core/util/DefaultIndenter
	at org.springframework.http.converter.json.AbstractJackson2HttpMessageConverter.init(AbstractJackson2HttpMessageConverter.java:97)
	at org.springframework.http.converter.json.AbstractJackson2HttpMessageConverter.<init>(AbstractJackson2HttpMessageConverter.java:90)
	at org.springframework.http.converter.json.MappingJackson2HttpMessageConverter.<init>(MappingJackson2HttpMessageConverter.java:66)
	at org.springframework.http.converter.json.MappingJackson2HttpMessageConverter.<init>(MappingJackson2HttpMessageConverter.java:57)
	at org.springframework.http.converter.support.AllEncompassingFormHttpMessageConverter.<init>(AllEncompassingFormHttpMessageConverter.java:61)
	at org.springframework.web.servlet.mvc.method.annotation.RequestMappingHandlerAdapter.<init>(RequestMappingHandlerAdapter.java:182)
	at sun.reflect.NativeConstructorAccessorImpl.newInstance0(Native Method)
	at sun.reflect.NativeConstructorAccessorImpl.newInstance(NativeConstructorAccessorImpl.java:62)
	at sun.reflect.DelegatingConstructorAccessorImpl.newInstance(DelegatingConstructorAccessorImpl.java:45)
	at java.lang.reflect.Constructor.newInstance(Constructor.java:423)
	at org.springframework.beans.BeanUtils.instantiateClass(BeanUtils.java:142)
	... 31 more
Caused by: java.lang.ClassNotFoundException: com.fasterxml.jackson.core.util.DefaultIndenter
	at org.apache.catalina.loader.WebappClassLoader.loadClass(WebappClassLoader.java:1702)
	at org.apache.catalina.loader.WebappClassLoader.loadClass(WebappClassLoader.java:1547)
	... 42 more


[INFO ] 2019-05-31 15:22:52,123 method:org.springframework.web.servlet.FrameworkServlet.initServletBean(FrameworkServlet.java:489)
FrameworkServlet 'xy-search-web': initialization started


[INFO ] 2019-05-31 15:22:52,142 method:org.springframework.context.support.AbstractApplicationContext.prepareRefresh(AbstractApplicationContext.java:583)
Refreshing WebApplicationContext for namespace 'xy-search-web-servlet': startup date [Fri May 31 15:22:52 CST 2019]; root of context hierarchy


[INFO ] 2019-05-31 15:22:52,170 method:org.springframework.beans.factory.xml.XmlBeanDefinitionReader.loadBeanDefinitions(XmlBeanDefinitionReader.java:317)
Loading XML bean definitions from class path resource [spring/spring-mvc.xml]


[INFO ] 2019-05-31 15:22:52,373 method:
using logger: com.alibaba.dubbo.common.logger.log4j.Log4jLoggerAdapter


[INFO ] 2019-05-31 15:22:52,480 method:org.springframework.beans.factory.annotation.AutowiredAnnotationBeanPostProcessor.<init>(AutowiredAnnotationBeanPostProcessor.java:155)
JSR-330 'javax.inject.Inject' annotation found and supported for autowiring


[INFO ] 2019-05-31 15:22:52,755 method:com.alibaba.dubbo.registry.support.AbstractRegistry.loadProperties(AbstractRegistry.java:232)
 [DUBBO] Load registry store file C:\Users\JasonCode\.dubbo\dubbo-registry-localhost.cache, data: {com.njupt.xymall.content.service.ContentCategoryService=empty://172.31.99.193/com.njupt.xymall.content.service.ContentCategoryService?application=xy-manager-web&category=configurators&dubbo=2.5.3&interface=com.njupt.xymall.content.service.ContentCategoryService&methods=getContentCatList&pid=11648&revision=1.0-SNAPSHOT&side=consumer&timestamp=1559267328146 empty://172.31.99.193/com.njupt.xymall.content.service.ContentCategoryService?application=xy-manager-web&category=routers&dubbo=2.5.3&interface=com.njupt.xymall.content.service.ContentCategoryService&methods=getContentCatList&pid=11648&revision=1.0-SNAPSHOT&side=consumer&timestamp=1559267328146 dubbo://172.31.99.193:20881/com.njupt.xymall.content.service.ContentCategoryService?anyhost=true&application=xy-manager&dubbo=2.5.3&interface=com.njupt.xymall.content.service.ContentCategoryService&methods=getContentCatList&pid=23388&side=provider&timeout=600000&timestamp=1559267065219, com.njupt.xymall.search.service.SearchService=empty://172.31.99.193/com.njupt.xymall.search.service.SearchService?application=xy-search-web&category=configurators&dubbo=2.5.3&interface=com.njupt.xymall.search.service.SearchService&methods=search&pid=23316&revision=1.0-SNAPSHOT&side=consumer&timestamp=1559287115202 empty://172.31.99.193/com.njupt.xymall.search.service.SearchService?application=xy-search-web&category=routers&dubbo=2.5.3&interface=com.njupt.xymall.search.service.SearchService&methods=search&pid=23316&revision=1.0-SNAPSHOT&side=consumer&timestamp=1559287115202 dubbo://172.31.99.193:20882/com.njupt.xymall.search.service.SearchService?anyhost=true&application=xy-search&dubbo=2.5.3&interface=com.njupt.xymall.search.service.SearchService&methods=search&pid=22608&side=provider&timeout=600000&timestamp=1559286757760, com.njupt.xymall.search.service.SearchItemService=empty://172.31.99.193:20882/com.njupt.xymall.search.service.SearchItemService?anyhost=true&application=xy-search&category=configurators&check=false&dubbo=2.5.3&interface=com.njupt.xymall.search.service.SearchItemService&methods=importAllItems&pid=22608&side=provider&timeout=600000&timestamp=1559286757326, com.njupt.xymall.service.ItemService=empty://172.31.99.193/com.njupt.xymall.service.ItemService?application=xy-manager-web&category=configurators&dubbo=2.5.3&interface=com.njupt.xymall.service.ItemService&methods=addItem,getItemList,getItemById&pid=11648&revision=1.0-SNAPSHOT&side=consumer&timestamp=1559267328658 empty://172.31.99.193/com.njupt.xymall.service.ItemService?application=xy-manager-web&category=routers&dubbo=2.5.3&interface=com.njupt.xymall.service.ItemService&methods=addItem,getItemList,getItemById&pid=11648&revision=1.0-SNAPSHOT&side=consumer&timestamp=1559267328658 dubbo://172.31.99.193:20880/com.njupt.xymall.service.ItemService?anyhost=true&application=xy-manager&dubbo=2.5.3&interface=com.njupt.xymall.service.ItemService&methods=addItem,getItemList,getItemById&pid=20132&side=provider&timeout=600000&timestamp=1559267082314}, dubbo version: 2.5.3, current host: 127.0.0.1


[INFO ] 2019-05-31 15:22:52,765 method:org.I0Itec.zkclient.ZkEventThread.run(ZkEventThread.java:64)
Starting ZkClient event thread.


[INFO ] 2019-05-31 15:22:52,860 method:org.apache.zookeeper.Environment.logEnv(Environment.java:100)
Client environment:zookeeper.version=3.4.7-1713338, built on 11/09/2015 04:32 GMT


[INFO ] 2019-05-31 15:22:52,861 method:org.apache.zookeeper.Environment.logEnv(Environment.java:100)
Client environment:host.name=DESKTOP-47CK06Q.mshome.net


[INFO ] 2019-05-31 15:22:52,861 method:org.apache.zookeeper.Environment.logEnv(Environment.java:100)
Client environment:java.version=1.8.0_121


[INFO ] 2019-05-31 15:22:52,862 method:org.apache.zookeeper.Environment.logEnv(Environment.java:100)
Client environment:java.vendor=Oracle Corporation


[INFO ] 2019-05-31 15:22:52,862 method:org.apache.zookeeper.Environment.logEnv(Environment.java:100)
Client environment:java.home=C:\Program Files\Java\jdk1.8.0_121\jre


[INFO ] 2019-05-31 15:22:52,862 method:org.apache.zookeeper.Environment.logEnv(Environment.java:100)
Client environment:java.class.path=Z:\apache-maven-3.5.3\boot\plexus-classworlds-2.5.2.jar;C:\Program Files\JetBrains\IntelliJ IDEA 2018.2.5\lib\idea_rt.jar


[INFO ] 2019-05-31 15:22:52,862 method:org.apache.zookeeper.Environment.logEnv(Environment.java:100)
Client environment:java.library.path=C:\Program Files\Java\jdk1.8.0_121\bin;C:\WINDOWS\Sun\Java\bin;C:\WINDOWS\system32;C:\WINDOWS;C:\Program Files\Docker\Docker\Resources\bin;C:\Program Files\Microsoft MPI\Bin\;C:\Program Files (x86)\NVIDIA Corporation\PhysX\Common;C:\WINDOWS\system32;C:\WINDOWS;C:\WINDOWS\System32\Wbem;C:\WINDOWS\System32\WindowsPowerShell\v1.0\;G:\Program Tools\CTEX\UserData\miktex\bin;G:\Program Tools\CTEX\MiKTeX\miktex\bin;G:\Program Tools\CTEX\CTeX\ctex\bin;G:\Program Tools\CTEX\CTeX\cct\bin;G:\Program Tools\CTEX\CTeX\ty\bin;G:\Program Tools\CTEX\Ghostscript\gs9.05\bin;G:\Program Tools\CTEX\GSview\gsview;G:\Program Tools\CTEX\WinEdt;H:\apache-tomcat-8.0.43\bin;G:\soft;C:\Program Files\IDM Computer Solutions\UltraCompare;I:\MATLAB\MATLAB\R2017a\runtime\win64;I:\MATLAB\MATLAB\R2017a\bin;C:\Program Files\MySQL\MySQL Utilities 1.6\;Z:\apache-maven-3.5.3\bin;I:\Object Detection;C:\Program Files\dotnet\;C:\Program Files\Microsoft SQL Server\130\Tools\Binn\;Z:\Anaconda2\Scripts;I:\curl\I386;C:\WINDOWS\System32\OpenSSH\;%GIT-HOME%\cmd;Z:\Git\bin;C:\msys64\usr\bin;C:\Program Files (x86)\Windows Kits\10\Windows Performance Toolkit\;Z:\Jenkins\cmake-3.12.3-win64-x64\bin;C:\Program Files\MySQL\MySQL Server 5.7\bin;C:\Program Files\Java\jdk1.8.0_121\bin;C:\Users\JasonCode\AppData\Local\Microsoft\WindowsApps;Z:\python;D:\erl10.2\bin;C:\Program Files\Java\jdk1.8.0_121\bin;;.


[INFO ] 2019-05-31 15:22:52,863 method:org.apache.zookeeper.Environment.logEnv(Environment.java:100)
Client environment:java.io.tmpdir=C:\Users\JASONC~1\AppData\Local\Temp\


[INFO ] 2019-05-31 15:22:52,863 method:org.apache.zookeeper.Environment.logEnv(Environment.java:100)
Client environment:java.compiler=<NA>


[INFO ] 2019-05-31 15:22:52,863 method:org.apache.zookeeper.Environment.logEnv(Environment.java:100)
Client environment:os.name=Windows 10


[INFO ] 2019-05-31 15:22:52,864 method:org.apache.zookeeper.Environment.logEnv(Environment.java:100)
Client environment:os.arch=amd64


[INFO ] 2019-05-31 15:22:52,864 method:org.apache.zookeeper.Environment.logEnv(Environment.java:100)
Client environment:os.version=10.0


[INFO ] 2019-05-31 15:22:52,865 method:org.apache.zookeeper.Environment.logEnv(Environment.java:100)
Client environment:user.name=JasonCode


[INFO ] 2019-05-31 15:22:52,865 method:org.apache.zookeeper.Environment.logEnv(Environment.java:100)
Client environment:user.home=C:\Users\JasonCode


[INFO ] 2019-05-31 15:22:52,865 method:org.apache.zookeeper.Environment.logEnv(Environment.java:100)
Client environment:user.dir=Z:\xymall\xy-search-web


[INFO ] 2019-05-31 15:22:52,866 method:org.apache.zookeeper.ZooKeeper.<init>(ZooKeeper.java:438)
Initiating client connection, connectString=localhost:2181 sessionTimeout=30000 watcher=org.I0Itec.zkclient.ZkClient@34af58f5


[INFO ] 2019-05-31 15:22:52,894 method:org.apache.zookeeper.ClientCnxn$SendThread.logStartConnect(ClientCnxn.java:1032)
Opening socket connection to server 127.0.0.1/127.0.0.1:2181. Will not attempt to authenticate using SASL (unknown error)


[INFO ] 2019-05-31 15:22:52,896 method:org.apache.zookeeper.ClientCnxn$SendThread.primeConnection(ClientCnxn.java:876)
Socket connection established to 127.0.0.1/127.0.0.1:2181, initiating session


[INFO ] 2019-05-31 15:22:52,933 method:org.apache.zookeeper.ClientCnxn$SendThread.onConnected(ClientCnxn.java:1299)
Session establishment complete on server 127.0.0.1/127.0.0.1:2181, sessionid = 0x100005583e70017, negotiated timeout = 30000


[INFO ] 2019-05-31 15:22:52,935 method:org.I0Itec.zkclient.ZkClient.processStateChanged(ZkClient.java:449)
zookeeper state changed (SyncConnected)


[INFO ] 2019-05-31 15:22:52,954 method:com.alibaba.dubbo.registry.support.AbstractRegistry.register(AbstractRegistry.java:302)
 [DUBBO] Register: consumer://172.31.99.193/com.njupt.xymall.search.service.SearchService?application=xy-search-web&category=consumers&check=false&dubbo=2.5.3&interface=com.njupt.xymall.search.service.SearchService&methods=search&pid=21536&revision=1.0-SNAPSHOT&side=consumer&timestamp=1559287372695, dubbo version: 2.5.3, current host: 172.31.99.193


[INFO ] 2019-05-31 15:22:53,006 method:com.alibaba.dubbo.registry.support.AbstractRegistry.subscribe(AbstractRegistry.java:325)
 [DUBBO] Subscribe: consumer://172.31.99.193/com.njupt.xymall.search.service.SearchService?application=xy-search-web&category=providers,configurators,routers&dubbo=2.5.3&interface=com.njupt.xymall.search.service.SearchService&methods=search&pid=21536&revision=1.0-SNAPSHOT&side=consumer&timestamp=1559287372695, dubbo version: 2.5.3, current host: 172.31.99.193


[INFO ] 2019-05-31 15:22:53,107 method:com.alibaba.dubbo.registry.support.AbstractRegistry.notify(AbstractRegistry.java:422)
 [DUBBO] Notify urls for subscribe url consumer://172.31.99.193/com.njupt.xymall.search.service.SearchService?application=xy-search-web&category=providers,configurators,routers&dubbo=2.5.3&interface=com.njupt.xymall.search.service.SearchService&methods=search&pid=21536&revision=1.0-SNAPSHOT&side=consumer&timestamp=1559287372695, urls: [dubbo://172.31.99.193:20882/com.njupt.xymall.search.service.SearchService?anyhost=true&application=xy-search&dubbo=2.5.3&interface=com.njupt.xymall.search.service.SearchService&methods=search&pid=22608&side=provider&timeout=600000&timestamp=1559286757760, empty://172.31.99.193/com.njupt.xymall.search.service.SearchService?application=xy-search-web&category=configurators&dubbo=2.5.3&interface=com.njupt.xymall.search.service.SearchService&methods=search&pid=21536&revision=1.0-SNAPSHOT&side=consumer&timestamp=1559287372695, empty://172.31.99.193/com.njupt.xymall.search.service.SearchService?application=xy-search-web&category=routers&dubbo=2.5.3&interface=com.njupt.xymall.search.service.SearchService&methods=search&pid=21536&revision=1.0-SNAPSHOT&side=consumer&timestamp=1559287372695], dubbo version: 2.5.3, current host: 172.31.99.193


[INFO ] 2019-05-31 15:22:53,249 method:com.alibaba.dubbo.remoting.transport.AbstractClient.connect(AbstractClient.java:287)
 [DUBBO] Successed connect to server /172.31.99.193:20882 from NettyClient 172.31.99.193 using dubbo version 2.5.3, channel is NettyChannel [channel=[id: 0x80efdfbf, /172.31.99.193:14056 => /172.31.99.193:20882]], dubbo version: 2.5.3, current host: 172.31.99.193


[INFO ] 2019-05-31 15:22:53,249 method:com.alibaba.dubbo.remoting.transport.AbstractClient.<init>(AbstractClient.java:105)
 [DUBBO] Start NettyClient DESKTOP-47CK06Q/172.31.99.193 connect to the server /172.31.99.193:20882, dubbo version: 2.5.3, current host: 172.31.99.193


[INFO ] 2019-05-31 15:22:53,295 method:com.alibaba.dubbo.config.ReferenceConfig.createProxy(ReferenceConfig.java:423)
 [DUBBO] Refer dubbo service com.njupt.xymall.search.service.SearchService from url zookeeper://localhost:2181/com.alibaba.dubbo.registry.RegistryService?anyhost=true&application=xy-search-web&check=false&dubbo=2.5.3&interface=com.njupt.xymall.search.service.SearchService&methods=search&pid=21536&revision=1.0-SNAPSHOT&side=consumer&timeout=600000&timestamp=1559287372695, dubbo version: 2.5.3, current host: 172.31.99.193


[INFO ] 2019-05-31 15:22:53,471 method:org.springframework.web.servlet.handler.AbstractHandlerMethodMapping$MappingRegistry.register(AbstractHandlerMethodMapping.java:543)
Mapped "{[/search]}" onto public java.lang.String com.njupt.xymall.search.controller.SearchController.searchItemList(java.lang.String,java.lang.Integer,org.springframework.ui.Model) throws java.lang.Exception


[WARN ] 2019-05-31 15:22:53,609 method:org.springframework.context.support.AbstractApplicationContext.refresh(AbstractApplicationContext.java:551)
Exception encountered during context initialization - cancelling refresh attempt: org.springframework.beans.factory.BeanCreationException: Error creating bean with name 'org.springframework.web.servlet.mvc.method.annotation.RequestMappingHandlerAdapter': Instantiation of bean failed; nested exception is org.springframework.beans.BeanInstantiationException: Failed to instantiate [org.springframework.web.servlet.mvc.method.annotation.RequestMappingHandlerAdapter]: Constructor threw exception; nested exception is java.lang.NoClassDefFoundError: com/fasterxml/jackson/core/util/DefaultIndenter


[INFO ] 2019-05-31 15:22:53,610 method:com.alibaba.dubbo.registry.support.AbstractRegistry.unsubscribe(AbstractRegistry.java:343)
 [DUBBO] Unsubscribe: consumer://172.31.99.193/com.njupt.xymall.search.service.SearchService?application=xy-search-web&category=providers,configurators,routers&dubbo=2.5.3&interface=com.njupt.xymall.search.service.SearchService&methods=search&pid=21536&revision=1.0-SNAPSHOT&side=consumer&timestamp=1559287372695, dubbo version: 2.5.3, current host: 172.31.99.193


[INFO ] 2019-05-31 15:22:53,611 method:com.alibaba.dubbo.remoting.transport.netty.NettyChannel.close(NettyChannel.java:135)
 [DUBBO] Close netty channel [id: 0x80efdfbf, /172.31.99.193:14056 => /172.31.99.193:20882], dubbo version: 2.5.3, current host: 172.31.99.193


[INFO ] 2019-05-31 15:22:53,613 method:com.alibaba.dubbo.rpc.protocol.dubbo.DubboProtocol$1.disconnected(DubboProtocol.java:130)
 [DUBBO] disconected from /172.31.99.193:20882,url:dubbo://172.31.99.193:20882/com.njupt.xymall.search.service.SearchService?anyhost=true&application=xy-search-web&check=false&codec=dubbo&dubbo=2.5.3&heartbeat=60000&interface=com.njupt.xymall.search.service.SearchService&methods=search&pid=21536&revision=1.0-SNAPSHOT&side=consumer&timeout=600000&timestamp=1559287372695, dubbo version: 2.5.3, current host: 172.31.99.193


[ERROR] 2019-05-31 15:22:53,615 method:org.springframework.web.servlet.FrameworkServlet.initServletBean(FrameworkServlet.java:502)
Context initialization failed
org.springframework.beans.factory.BeanCreationException: Error creating bean with name 'org.springframework.web.servlet.mvc.method.annotation.RequestMappingHandlerAdapter': Instantiation of bean failed; nested exception is org.springframework.beans.BeanInstantiationException: Failed to instantiate [org.springframework.web.servlet.mvc.method.annotation.RequestMappingHandlerAdapter]: Constructor threw exception; nested exception is java.lang.NoClassDefFoundError: com/fasterxml/jackson/core/util/DefaultIndenter
	at org.springframework.beans.factory.support.AbstractAutowireCapableBeanFactory.instantiateBean(AbstractAutowireCapableBeanFactory.java:1155)
	at org.springframework.beans.factory.support.AbstractAutowireCapableBeanFactory.createBeanInstance(AbstractAutowireCapableBeanFactory.java:1099)
	at org.springframework.beans.factory.support.AbstractAutowireCapableBeanFactory.doCreateBean(AbstractAutowireCapableBeanFactory.java:513)
	at org.springframework.beans.factory.support.AbstractAutowireCapableBeanFactory.createBean(AbstractAutowireCapableBeanFactory.java:483)
	at org.springframework.beans.factory.support.AbstractBeanFactory$1.getObject(AbstractBeanFactory.java:306)
	at org.springframework.beans.factory.support.DefaultSingletonBeanRegistry.getSingleton(DefaultSingletonBeanRegistry.java:230)
	at org.springframework.beans.factory.support.AbstractBeanFactory.doGetBean(AbstractBeanFactory.java:302)
	at org.springframework.beans.factory.support.AbstractBeanFactory.getBean(AbstractBeanFactory.java:197)
	at org.springframework.beans.factory.support.DefaultListableBeanFactory.preInstantiateSingletons(DefaultListableBeanFactory.java:761)
	at org.springframework.context.support.AbstractApplicationContext.finishBeanFactoryInitialization(AbstractApplicationContext.java:867)
	at org.springframework.context.support.AbstractApplicationContext.refresh(AbstractApplicationContext.java:543)
	at org.springframework.web.servlet.FrameworkServlet.configureAndRefreshWebApplicationContext(FrameworkServlet.java:668)
	at org.springframework.web.servlet.FrameworkServlet.createWebApplicationContext(FrameworkServlet.java:634)
	at org.springframework.web.servlet.FrameworkServlet.createWebApplicationContext(FrameworkServlet.java:682)
	at org.springframework.web.servlet.FrameworkServlet.initWebApplicationContext(FrameworkServlet.java:553)
	at org.springframework.web.servlet.FrameworkServlet.initServletBean(FrameworkServlet.java:494)
	at org.springframework.web.servlet.HttpServletBean.init(HttpServletBean.java:171)
	at javax.servlet.GenericServlet.init(GenericServlet.java:160)
	at org.apache.catalina.core.StandardWrapper.initServlet(StandardWrapper.java:1280)
	at org.apache.catalina.core.StandardWrapper.loadServlet(StandardWrapper.java:1193)
	at org.apache.catalina.core.StandardWrapper.load(StandardWrapper.java:1088)
	at org.apache.catalina.core.StandardContext.loadOnStartup(StandardContext.java:5176)
	at org.apache.catalina.core.StandardContext.startInternal(StandardContext.java:5460)
	at org.apache.catalina.util.LifecycleBase.start(LifecycleBase.java:150)
	at org.apache.catalina.core.ContainerBase$StartChild.call(ContainerBase.java:1559)
	at org.apache.catalina.core.ContainerBase$StartChild.call(ContainerBase.java:1549)
	at java.util.concurrent.FutureTask.run(FutureTask.java:266)
	at java.util.concurrent.ThreadPoolExecutor.runWorker(ThreadPoolExecutor.java:1142)
	at java.util.concurrent.ThreadPoolExecutor$Worker.run(ThreadPoolExecutor.java:617)
	at java.lang.Thread.run(Thread.java:745)
Caused by: org.springframework.beans.BeanInstantiationException: Failed to instantiate [org.springframework.web.servlet.mvc.method.annotation.RequestMappingHandlerAdapter]: Constructor threw exception; nested exception is java.lang.NoClassDefFoundError: com/fasterxml/jackson/core/util/DefaultIndenter
	at org.springframework.beans.BeanUtils.instantiateClass(BeanUtils.java:154)
	at org.springframework.beans.factory.support.SimpleInstantiationStrategy.instantiate(SimpleInstantiationStrategy.java:89)
	at org.springframework.beans.factory.support.AbstractAutowireCapableBeanFactory.instantiateBean(AbstractAutowireCapableBeanFactory.java:1147)
	... 29 more
Caused by: java.lang.NoClassDefFoundError: com/fasterxml/jackson/core/util/DefaultIndenter
	at org.springframework.http.converter.json.AbstractJackson2HttpMessageConverter.init(AbstractJackson2HttpMessageConverter.java:97)
	at org.springframework.http.converter.json.AbstractJackson2HttpMessageConverter.<init>(AbstractJackson2HttpMessageConverter.java:90)
	at org.springframework.http.converter.json.MappingJackson2HttpMessageConverter.<init>(MappingJackson2HttpMessageConverter.java:66)
	at org.springframework.http.converter.json.MappingJackson2HttpMessageConverter.<init>(MappingJackson2HttpMessageConverter.java:57)
	at org.springframework.http.converter.support.AllEncompassingFormHttpMessageConverter.<init>(AllEncompassingFormHttpMessageConverter.java:61)
	at org.springframework.web.servlet.mvc.method.annotation.RequestMappingHandlerAdapter.<init>(RequestMappingHandlerAdapter.java:182)
	at sun.reflect.NativeConstructorAccessorImpl.newInstance0(Native Method)
	at sun.reflect.NativeConstructorAccessorImpl.newInstance(NativeConstructorAccessorImpl.java:62)
	at sun.reflect.DelegatingConstructorAccessorImpl.newInstance(DelegatingConstructorAccessorImpl.java:45)
	at java.lang.reflect.Constructor.newInstance(Constructor.java:423)
	at org.springframework.beans.BeanUtils.instantiateClass(BeanUtils.java:142)
	... 31 more
Caused by: java.lang.ClassNotFoundException: com.fasterxml.jackson.core.util.DefaultIndenter
	at org.apache.catalina.loader.WebappClassLoader.loadClass(WebappClassLoader.java:1702)
	at org.apache.catalina.loader.WebappClassLoader.loadClass(WebappClassLoader.java:1547)
	... 42 more


[INFO ] 2019-05-31 15:27:24,755 method:org.springframework.web.servlet.FrameworkServlet.initServletBean(FrameworkServlet.java:489)
FrameworkServlet 'xy-search-web': initialization started


[INFO ] 2019-05-31 15:27:24,775 method:org.springframework.context.support.AbstractApplicationContext.prepareRefresh(AbstractApplicationContext.java:583)
Refreshing WebApplicationContext for namespace 'xy-search-web-servlet': startup date [Fri May 31 15:27:24 CST 2019]; root of context hierarchy


[INFO ] 2019-05-31 15:27:24,806 method:org.springframework.beans.factory.xml.XmlBeanDefinitionReader.loadBeanDefinitions(XmlBeanDefinitionReader.java:317)
Loading XML bean definitions from class path resource [spring/spring-mvc.xml]


[INFO ] 2019-05-31 15:27:25,030 method:
using logger: com.alibaba.dubbo.common.logger.log4j.Log4jLoggerAdapter


[INFO ] 2019-05-31 15:27:25,147 method:org.springframework.beans.factory.annotation.AutowiredAnnotationBeanPostProcessor.<init>(AutowiredAnnotationBeanPostProcessor.java:155)
JSR-330 'javax.inject.Inject' annotation found and supported for autowiring


[INFO ] 2019-05-31 15:27:25,419 method:com.alibaba.dubbo.registry.support.AbstractRegistry.loadProperties(AbstractRegistry.java:232)
 [DUBBO] Load registry store file C:\Users\JasonCode\.dubbo\dubbo-registry-localhost.cache, data: {com.njupt.xymall.content.service.ContentCategoryService=empty://172.31.99.193/com.njupt.xymall.content.service.ContentCategoryService?application=xy-manager-web&category=configurators&dubbo=2.5.3&interface=com.njupt.xymall.content.service.ContentCategoryService&methods=getContentCatList&pid=11648&revision=1.0-SNAPSHOT&side=consumer&timestamp=1559267328146 empty://172.31.99.193/com.njupt.xymall.content.service.ContentCategoryService?application=xy-manager-web&category=routers&dubbo=2.5.3&interface=com.njupt.xymall.content.service.ContentCategoryService&methods=getContentCatList&pid=11648&revision=1.0-SNAPSHOT&side=consumer&timestamp=1559267328146 dubbo://172.31.99.193:20881/com.njupt.xymall.content.service.ContentCategoryService?anyhost=true&application=xy-manager&dubbo=2.5.3&interface=com.njupt.xymall.content.service.ContentCategoryService&methods=getContentCatList&pid=23388&side=provider&timeout=600000&timestamp=1559267065219, com.njupt.xymall.search.service.SearchItemService=empty://172.31.99.193:20882/com.njupt.xymall.search.service.SearchItemService?anyhost=true&application=xy-search&category=configurators&check=false&dubbo=2.5.3&interface=com.njupt.xymall.search.service.SearchItemService&methods=importAllItems&pid=22608&side=provider&timeout=600000&timestamp=1559286757326, com.njupt.xymall.search.service.SearchService=empty://172.31.99.193/com.njupt.xymall.search.service.SearchService?application=xy-search-web&category=configurators&dubbo=2.5.3&interface=com.njupt.xymall.search.service.SearchService&methods=search&pid=21536&revision=1.0-SNAPSHOT&side=consumer&timestamp=1559287372695 empty://172.31.99.193/com.njupt.xymall.search.service.SearchService?application=xy-search-web&category=routers&dubbo=2.5.3&interface=com.njupt.xymall.search.service.SearchService&methods=search&pid=21536&revision=1.0-SNAPSHOT&side=consumer&timestamp=1559287372695 dubbo://172.31.99.193:20882/com.njupt.xymall.search.service.SearchService?anyhost=true&application=xy-search&dubbo=2.5.3&interface=com.njupt.xymall.search.service.SearchService&methods=search&pid=22608&side=provider&timeout=600000&timestamp=1559286757760, com.njupt.xymall.service.ItemService=empty://172.31.99.193/com.njupt.xymall.service.ItemService?application=xy-manager-web&category=configurators&dubbo=2.5.3&interface=com.njupt.xymall.service.ItemService&methods=addItem,getItemList,getItemById&pid=11648&revision=1.0-SNAPSHOT&side=consumer&timestamp=1559267328658 empty://172.31.99.193/com.njupt.xymall.service.ItemService?application=xy-manager-web&category=routers&dubbo=2.5.3&interface=com.njupt.xymall.service.ItemService&methods=addItem,getItemList,getItemById&pid=11648&revision=1.0-SNAPSHOT&side=consumer&timestamp=1559267328658 dubbo://172.31.99.193:20880/com.njupt.xymall.service.ItemService?anyhost=true&application=xy-manager&dubbo=2.5.3&interface=com.njupt.xymall.service.ItemService&methods=addItem,getItemList,getItemById&pid=20132&side=provider&timeout=600000&timestamp=1559267082314}, dubbo version: 2.5.3, current host: 127.0.0.1


[INFO ] 2019-05-31 15:27:25,505 method:org.I0Itec.zkclient.ZkEventThread.run(ZkEventThread.java:64)
Starting ZkClient event thread.


[INFO ] 2019-05-31 15:27:25,523 method:org.apache.zookeeper.Environment.logEnv(Environment.java:100)
Client environment:zookeeper.version=3.4.7-1713338, built on 11/09/2015 04:32 GMT


[INFO ] 2019-05-31 15:27:25,524 method:org.apache.zookeeper.Environment.logEnv(Environment.java:100)
Client environment:host.name=DESKTOP-47CK06Q.mshome.net


[INFO ] 2019-05-31 15:27:25,524 method:org.apache.zookeeper.Environment.logEnv(Environment.java:100)
Client environment:java.version=1.8.0_121


[INFO ] 2019-05-31 15:27:25,524 method:org.apache.zookeeper.Environment.logEnv(Environment.java:100)
Client environment:java.vendor=Oracle Corporation


[INFO ] 2019-05-31 15:27:25,524 method:org.apache.zookeeper.Environment.logEnv(Environment.java:100)
Client environment:java.home=C:\Program Files\Java\jdk1.8.0_121\jre


[INFO ] 2019-05-31 15:27:25,525 method:org.apache.zookeeper.Environment.logEnv(Environment.java:100)
Client environment:java.class.path=Z:\apache-maven-3.5.3\boot\plexus-classworlds-2.5.2.jar;C:\Program Files\JetBrains\IntelliJ IDEA 2018.2.5\lib\idea_rt.jar


[INFO ] 2019-05-31 15:27:25,525 method:org.apache.zookeeper.Environment.logEnv(Environment.java:100)
Client environment:java.library.path=C:\Program Files\Java\jdk1.8.0_121\bin;C:\WINDOWS\Sun\Java\bin;C:\WINDOWS\system32;C:\WINDOWS;C:\Program Files\Docker\Docker\Resources\bin;C:\Program Files\Microsoft MPI\Bin\;C:\Program Files (x86)\NVIDIA Corporation\PhysX\Common;C:\WINDOWS\system32;C:\WINDOWS;C:\WINDOWS\System32\Wbem;C:\WINDOWS\System32\WindowsPowerShell\v1.0\;G:\Program Tools\CTEX\UserData\miktex\bin;G:\Program Tools\CTEX\MiKTeX\miktex\bin;G:\Program Tools\CTEX\CTeX\ctex\bin;G:\Program Tools\CTEX\CTeX\cct\bin;G:\Program Tools\CTEX\CTeX\ty\bin;G:\Program Tools\CTEX\Ghostscript\gs9.05\bin;G:\Program Tools\CTEX\GSview\gsview;G:\Program Tools\CTEX\WinEdt;H:\apache-tomcat-8.0.43\bin;G:\soft;C:\Program Files\IDM Computer Solutions\UltraCompare;I:\MATLAB\MATLAB\R2017a\runtime\win64;I:\MATLAB\MATLAB\R2017a\bin;C:\Program Files\MySQL\MySQL Utilities 1.6\;Z:\apache-maven-3.5.3\bin;I:\Object Detection;C:\Program Files\dotnet\;C:\Program Files\Microsoft SQL Server\130\Tools\Binn\;Z:\Anaconda2\Scripts;I:\curl\I386;C:\WINDOWS\System32\OpenSSH\;%GIT-HOME%\cmd;Z:\Git\bin;C:\msys64\usr\bin;C:\Program Files (x86)\Windows Kits\10\Windows Performance Toolkit\;Z:\Jenkins\cmake-3.12.3-win64-x64\bin;C:\Program Files\MySQL\MySQL Server 5.7\bin;C:\Program Files\Java\jdk1.8.0_121\bin;C:\Users\JasonCode\AppData\Local\Microsoft\WindowsApps;Z:\python;D:\erl10.2\bin;C:\Program Files\Java\jdk1.8.0_121\bin;;.


[INFO ] 2019-05-31 15:27:25,525 method:org.apache.zookeeper.Environment.logEnv(Environment.java:100)
Client environment:java.io.tmpdir=C:\Users\JASONC~1\AppData\Local\Temp\


[INFO ] 2019-05-31 15:27:25,526 method:org.apache.zookeeper.Environment.logEnv(Environment.java:100)
Client environment:java.compiler=<NA>


[INFO ] 2019-05-31 15:27:25,526 method:org.apache.zookeeper.Environment.logEnv(Environment.java:100)
Client environment:os.name=Windows 10


[INFO ] 2019-05-31 15:27:25,527 method:org.apache.zookeeper.Environment.logEnv(Environment.java:100)
Client environment:os.arch=amd64


[INFO ] 2019-05-31 15:27:25,527 method:org.apache.zookeeper.Environment.logEnv(Environment.java:100)
Client environment:os.version=10.0


[INFO ] 2019-05-31 15:27:25,527 method:org.apache.zookeeper.Environment.logEnv(Environment.java:100)
Client environment:user.name=JasonCode


[INFO ] 2019-05-31 15:27:25,528 method:org.apache.zookeeper.Environment.logEnv(Environment.java:100)
Client environment:user.home=C:\Users\JasonCode


[INFO ] 2019-05-31 15:27:25,528 method:org.apache.zookeeper.Environment.logEnv(Environment.java:100)
Client environment:user.dir=Z:\xymall\xy-search-web


[INFO ] 2019-05-31 15:27:25,530 method:org.apache.zookeeper.ZooKeeper.<init>(ZooKeeper.java:438)
Initiating client connection, connectString=localhost:2181 sessionTimeout=30000 watcher=org.I0Itec.zkclient.ZkClient@12dad444


[INFO ] 2019-05-31 15:27:25,559 method:org.apache.zookeeper.ClientCnxn$SendThread.logStartConnect(ClientCnxn.java:1032)
Opening socket connection to server 0:0:0:0:0:0:0:1/0:0:0:0:0:0:0:1:2181. Will not attempt to authenticate using SASL (unknown error)


[INFO ] 2019-05-31 15:27:25,562 method:org.apache.zookeeper.ClientCnxn$SendThread.primeConnection(ClientCnxn.java:876)
Socket connection established to 0:0:0:0:0:0:0:1/0:0:0:0:0:0:0:1:2181, initiating session


[INFO ] 2019-05-31 15:27:25,584 method:org.apache.zookeeper.ClientCnxn$SendThread.onConnected(ClientCnxn.java:1299)
Session establishment complete on server 0:0:0:0:0:0:0:1/0:0:0:0:0:0:0:1:2181, sessionid = 0x100005583e70018, negotiated timeout = 30000


[INFO ] 2019-05-31 15:27:25,586 method:org.I0Itec.zkclient.ZkClient.processStateChanged(ZkClient.java:449)
zookeeper state changed (SyncConnected)


[INFO ] 2019-05-31 15:27:25,607 method:com.alibaba.dubbo.registry.support.AbstractRegistry.register(AbstractRegistry.java:302)
 [DUBBO] Register: consumer://172.31.99.193/com.njupt.xymall.search.service.SearchService?application=xy-search-web&category=consumers&check=false&dubbo=2.5.3&interface=com.njupt.xymall.search.service.SearchService&methods=search&pid=22800&revision=1.0-SNAPSHOT&side=consumer&timestamp=1559287645354, dubbo version: 2.5.3, current host: 172.31.99.193


[INFO ] 2019-05-31 15:27:25,690 method:com.alibaba.dubbo.registry.support.AbstractRegistry.subscribe(AbstractRegistry.java:325)
 [DUBBO] Subscribe: consumer://172.31.99.193/com.njupt.xymall.search.service.SearchService?application=xy-search-web&category=providers,configurators,routers&dubbo=2.5.3&interface=com.njupt.xymall.search.service.SearchService&methods=search&pid=22800&revision=1.0-SNAPSHOT&side=consumer&timestamp=1559287645354, dubbo version: 2.5.3, current host: 172.31.99.193


[INFO ] 2019-05-31 15:27:25,774 method:com.alibaba.dubbo.registry.support.AbstractRegistry.notify(AbstractRegistry.java:422)
 [DUBBO] Notify urls for subscribe url consumer://172.31.99.193/com.njupt.xymall.search.service.SearchService?application=xy-search-web&category=providers,configurators,routers&dubbo=2.5.3&interface=com.njupt.xymall.search.service.SearchService&methods=search&pid=22800&revision=1.0-SNAPSHOT&side=consumer&timestamp=1559287645354, urls: [dubbo://172.31.99.193:20882/com.njupt.xymall.search.service.SearchService?anyhost=true&application=xy-search&dubbo=2.5.3&interface=com.njupt.xymall.search.service.SearchService&methods=search&pid=22608&side=provider&timeout=600000&timestamp=1559286757760, empty://172.31.99.193/com.njupt.xymall.search.service.SearchService?application=xy-search-web&category=configurators&dubbo=2.5.3&interface=com.njupt.xymall.search.service.SearchService&methods=search&pid=22800&revision=1.0-SNAPSHOT&side=consumer&timestamp=1559287645354, empty://172.31.99.193/com.njupt.xymall.search.service.SearchService?application=xy-search-web&category=routers&dubbo=2.5.3&interface=com.njupt.xymall.search.service.SearchService&methods=search&pid=22800&revision=1.0-SNAPSHOT&side=consumer&timestamp=1559287645354], dubbo version: 2.5.3, current host: 172.31.99.193


[INFO ] 2019-05-31 15:27:25,909 method:com.alibaba.dubbo.remoting.transport.AbstractClient.connect(AbstractClient.java:287)
 [DUBBO] Successed connect to server /172.31.99.193:20882 from NettyClient 172.31.99.193 using dubbo version 2.5.3, channel is NettyChannel [channel=[id: 0x235c2114, /172.31.99.193:1442 => /172.31.99.193:20882]], dubbo version: 2.5.3, current host: 172.31.99.193


[INFO ] 2019-05-31 15:27:25,909 method:com.alibaba.dubbo.remoting.transport.AbstractClient.<init>(AbstractClient.java:105)
 [DUBBO] Start NettyClient DESKTOP-47CK06Q/172.31.99.193 connect to the server /172.31.99.193:20882, dubbo version: 2.5.3, current host: 172.31.99.193


[INFO ] 2019-05-31 15:27:25,954 method:com.alibaba.dubbo.config.ReferenceConfig.createProxy(ReferenceConfig.java:423)
 [DUBBO] Refer dubbo service com.njupt.xymall.search.service.SearchService from url zookeeper://localhost:2181/com.alibaba.dubbo.registry.RegistryService?anyhost=true&application=xy-search-web&check=false&dubbo=2.5.3&interface=com.njupt.xymall.search.service.SearchService&methods=search&pid=22800&revision=1.0-SNAPSHOT&side=consumer&timeout=600000&timestamp=1559287645354, dubbo version: 2.5.3, current host: 172.31.99.193


[INFO ] 2019-05-31 15:27:26,141 method:org.springframework.web.servlet.handler.AbstractHandlerMethodMapping$MappingRegistry.register(AbstractHandlerMethodMapping.java:543)
Mapped "{[/search]}" onto public java.lang.String com.njupt.xymall.search.controller.SearchController.searchItemList(java.lang.String,java.lang.Integer,org.springframework.ui.Model) throws java.lang.Exception


[INFO ] 2019-05-31 15:27:26,371 method:org.springframework.web.servlet.mvc.method.annotation.RequestMappingHandlerAdapter.initControllerAdviceCache(RequestMappingHandlerAdapter.java:534)
Looking for @ControllerAdvice: WebApplicationContext for namespace 'xy-search-web-servlet': startup date [Fri May 31 15:27:24 CST 2019]; root of context hierarchy


[INFO ] 2019-05-31 15:27:26,416 method:org.springframework.web.servlet.mvc.method.annotation.RequestMappingHandlerAdapter.initControllerAdviceCache(RequestMappingHandlerAdapter.java:534)
Looking for @ControllerAdvice: WebApplicationContext for namespace 'xy-search-web-servlet': startup date [Fri May 31 15:27:24 CST 2019]; root of context hierarchy


[INFO ] 2019-05-31 15:27:26,505 method:org.springframework.web.servlet.FrameworkServlet.initServletBean(FrameworkServlet.java:508)
FrameworkServlet 'xy-search-web': initialization completed in 1748 ms


[WARN ] 2019-05-31 15:28:23,964 method:org.springframework.web.servlet.DispatcherServlet.noHandlerFound(DispatcherServlet.java:1176)
No mapping found for HTTP request with URI [/html/web/_public/_ajaxStaticMenu.html] in DispatcherServlet with name 'xy-search-web'


[WARN ] 2019-05-31 15:28:24,681 method:org.springframework.web.servlet.DispatcherServlet.noHandlerFound(DispatcherServlet.java:1176)
No mapping found for HTTP request with URI [/html/web/_public/_ajaxStaticMenu.html] in DispatcherServlet with name 'xy-search-web'


[WARN ] 2019-05-31 15:28:24,997 method:org.springframework.web.servlet.DispatcherServlet.noHandlerFound(DispatcherServlet.java:1176)
No mapping found for HTTP request with URI [/html/web/_public/_ajaxStaticMenu.html] in DispatcherServlet with name 'xy-search-web'


[WARN ] 2019-05-31 15:28:30,156 method:org.springframework.web.servlet.DispatcherServlet.noHandlerFound(DispatcherServlet.java:1176)
No mapping found for HTTP request with URI [/productlist/search/] in DispatcherServlet with name 'xy-search-web'


[WARN ] 2019-05-31 15:29:18,707 method:org.springframework.web.servlet.DispatcherServlet.noHandlerFound(DispatcherServlet.java:1176)
No mapping found for HTTP request with URI [/html/web/_public/_ajaxStaticMenu.html] in DispatcherServlet with name 'xy-search-web'


[INFO ] 2019-05-31 16:52:30,167 method:com.alibaba.dubbo.rpc.protocol.dubbo.DubboProtocol$1.disconnected(DubboProtocol.java:130)
 [DUBBO] disconected from /172.31.99.193:20882,url:dubbo://172.31.99.193:20882/com.njupt.xymall.search.service.SearchService?anyhost=true&application=xy-search-web&check=false&codec=dubbo&dubbo=2.5.3&heartbeat=60000&interface=com.njupt.xymall.search.service.SearchService&methods=search&pid=22800&revision=1.0-SNAPSHOT&side=consumer&timeout=600000&timestamp=1559287645354, dubbo version: 2.5.3, current host: 172.31.99.193


[WARN ] 2019-05-31 16:52:33,600 method:com.alibaba.dubbo.remoting.transport.AbstractClient$1.run(AbstractClient.java:160)
 [DUBBO] client reconnect to 172.31.99.193:20882 find error . url: dubbo://172.31.99.193:20882/com.njupt.xymall.search.service.SearchService?anyhost=true&application=xy-search-web&check=false&codec=dubbo&dubbo=2.5.3&heartbeat=60000&interface=com.njupt.xymall.search.service.SearchService&methods=search&pid=22800&revision=1.0-SNAPSHOT&side=consumer&timeout=600000&timestamp=1559287645354, dubbo version: 2.5.3, current host: 172.31.99.193
com.alibaba.dubbo.remoting.RemotingException: client(url: dubbo://172.31.99.193:20882/com.njupt.xymall.search.service.SearchService?anyhost=true&application=xy-search-web&check=false&codec=dubbo&dubbo=2.5.3&heartbeat=60000&interface=com.njupt.xymall.search.service.SearchService&methods=search&pid=22800&revision=1.0-SNAPSHOT&side=consumer&timeout=600000&timestamp=1559287645354) failed to connect to server /172.31.99.193:20882 client-side timeout 3000ms (elapsed: 3003ms) from netty client 172.31.99.193 using dubbo version 2.5.3
	at com.alibaba.dubbo.remoting.transport.netty.NettyClient.doConnect(NettyClient.java:127)
	at com.alibaba.dubbo.remoting.transport.AbstractClient.connect(AbstractClient.java:280)
	at com.alibaba.dubbo.remoting.transport.AbstractClient$1.run(AbstractClient.java:145)
	at java.util.concurrent.Executors$RunnableAdapter.call(Executors.java:511)
	at java.util.concurrent.FutureTask.runAndReset(FutureTask.java:308)
	at java.util.concurrent.ScheduledThreadPoolExecutor$ScheduledFutureTask.access$301(ScheduledThreadPoolExecutor.java:180)
	at java.util.concurrent.ScheduledThreadPoolExecutor$ScheduledFutureTask.run(ScheduledThreadPoolExecutor.java:294)
	at java.util.concurrent.ThreadPoolExecutor.runWorker(ThreadPoolExecutor.java:1142)
	at java.util.concurrent.ThreadPoolExecutor$Worker.run(ThreadPoolExecutor.java:617)
	at java.lang.Thread.run(Thread.java:745)


[INFO ] 2019-05-31 16:52:35,605 method:com.alibaba.dubbo.remoting.transport.netty.NettyClient.doConnect(NettyClient.java:101)
 [DUBBO] Close old netty channel [id: 0x235c2114, /172.31.99.193:1442 :> /172.31.99.193:20882] on create new netty channel [id: 0x7c150fad, /172.31.99.193:6232 => /172.31.99.193:20882], dubbo version: 2.5.3, current host: 172.31.99.193


[INFO ] 2019-05-31 16:52:35,606 method:com.alibaba.dubbo.remoting.transport.AbstractClient.connect(AbstractClient.java:287)
 [DUBBO] Successed connect to server /172.31.99.193:20882 from NettyClient 172.31.99.193 using dubbo version 2.5.3, channel is NettyChannel [channel=[id: 0x7c150fad, /172.31.99.193:6232 => /172.31.99.193:20882]], dubbo version: 2.5.3, current host: 172.31.99.193


[INFO ] 2019-05-31 16:52:36,225 method:com.alibaba.dubbo.rpc.protocol.dubbo.DubboProtocol$1.disconnected(DubboProtocol.java:130)
 [DUBBO] disconected from /172.31.99.193:20882,url:dubbo://172.31.99.193:20882/com.njupt.xymall.search.service.SearchService?anyhost=true&application=xy-search-web&check=false&codec=dubbo&dubbo=2.5.3&heartbeat=60000&interface=com.njupt.xymall.search.service.SearchService&methods=search&pid=22800&revision=1.0-SNAPSHOT&side=consumer&timeout=600000&timestamp=1559287645354, dubbo version: 2.5.3, current host: 172.31.99.193


[INFO ] 2019-05-31 16:52:37,609 method:com.alibaba.dubbo.remoting.transport.netty.NettyClient.doConnect(NettyClient.java:101)
 [DUBBO] Close old netty channel [id: 0x7c150fad, /172.31.99.193:6232 :> /172.31.99.193:20882] on create new netty channel [id: 0x97b04d99, /172.31.99.193:6257 => /172.31.99.193:20882], dubbo version: 2.5.3, current host: 172.31.99.193


[INFO ] 2019-05-31 16:52:37,609 method:com.alibaba.dubbo.remoting.transport.AbstractClient.connect(AbstractClient.java:287)
 [DUBBO] Successed connect to server /172.31.99.193:20882 from NettyClient 172.31.99.193 using dubbo version 2.5.3, channel is NettyChannel [channel=[id: 0x97b04d99, /172.31.99.193:6257 => /172.31.99.193:20882]], dubbo version: 2.5.3, current host: 172.31.99.193
